TN:
SF:src/app/app.component.ts
FN:91,(anonymous_5)
FN:93,(anonymous_6)
FN:100,(anonymous_7)
FN:108,(anonymous_8)
FN:115,(anonymous_9)
FN:118,(anonymous_10)
FN:122,(anonymous_11)
FN:142,(anonymous_12)
FN:150,(anonymous_13)
FN:157,(anonymous_14)
FN:159,(anonymous_15)
FN:161,(anonymous_16)
FN:164,(anonymous_17)
FN:172,(anonymous_18)
FN:186,(anonymous_19)
FN:196,(anonymous_20)
FN:204,(anonymous_21)
FN:210,(anonymous_22)
FN:218,(anonymous_23)
FN:223,(anonymous_24)
FN:224,(anonymous_25)
FN:257,(anonymous_26)
FN:261,(anonymous_27)
FN:266,(anonymous_28)
FN:267,(anonymous_29)
FN:271,(anonymous_30)
FN:290,(anonymous_31)
FN:295,(anonymous_32)
FN:298,(anonymous_33)
FN:298,(anonymous_34)
FN:301,(anonymous_35)
FN:306,(anonymous_36)
FN:317,(anonymous_37)
FN:322,(anonymous_38)
FN:336,(anonymous_39)
FN:340,(anonymous_40)
FN:346,(anonymous_41)
FN:358,(anonymous_42)
FN:361,(anonymous_43)
FN:362,(anonymous_44)
FN:367,(anonymous_45)
FN:371,(anonymous_46)
FN:376,(anonymous_47)
FN:379,(anonymous_48)
FN:383,(anonymous_49)
FN:388,(anonymous_50)
FN:391,(anonymous_51)
FN:393,(anonymous_52)
FN:398,(anonymous_53)
FN:401,(anonymous_54)
FN:403,(anonymous_55)
FN:408,(anonymous_56)
FN:412,(anonymous_57)
FN:417,(anonymous_58)
FN:426,(anonymous_59)
FN:432,(anonymous_60)
FN:438,(anonymous_61)
FN:454,(anonymous_62)
FN:458,(anonymous_63)
FN:467,(anonymous_64)
FN:469,(anonymous_65)
FN:473,(anonymous_66)
FN:480,(anonymous_67)
FN:497,(anonymous_68)
FNF:64
FNH:62
FNDA:72,(anonymous_5)
FNDA:53,(anonymous_6)
FNDA:2,(anonymous_7)
FNDA:65,(anonymous_8)
FNDA:59,(anonymous_9)
FNDA:5,(anonymous_10)
FNDA:56,(anonymous_11)
FNDA:3,(anonymous_12)
FNDA:2,(anonymous_13)
FNDA:64,(anonymous_14)
FNDA:26,(anonymous_15)
FNDA:38,(anonymous_16)
FNDA:81,(anonymous_17)
FNDA:79,(anonymous_18)
FNDA:2,(anonymous_19)
FNDA:8,(anonymous_20)
FNDA:89,(anonymous_21)
FNDA:14,(anonymous_22)
FNDA:5,(anonymous_23)
FNDA:14,(anonymous_24)
FNDA:14,(anonymous_25)
FNDA:17,(anonymous_26)
FNDA:21,(anonymous_27)
FNDA:5,(anonymous_28)
FNDA:6,(anonymous_29)
FNDA:4,(anonymous_30)
FNDA:1,(anonymous_31)
FNDA:2,(anonymous_32)
FNDA:1,(anonymous_33)
FNDA:1,(anonymous_34)
FNDA:0,(anonymous_35)
FNDA:5,(anonymous_36)
FNDA:4,(anonymous_37)
FNDA:8,(anonymous_38)
FNDA:3,(anonymous_39)
FNDA:2,(anonymous_40)
FNDA:4,(anonymous_41)
FNDA:3,(anonymous_42)
FNDA:3,(anonymous_43)
FNDA:0,(anonymous_44)
FNDA:3,(anonymous_45)
FNDA:2,(anonymous_46)
FNDA:2,(anonymous_47)
FNDA:3,(anonymous_48)
FNDA:2,(anonymous_49)
FNDA:2,(anonymous_50)
FNDA:2,(anonymous_51)
FNDA:2,(anonymous_52)
FNDA:2,(anonymous_53)
FNDA:2,(anonymous_54)
FNDA:2,(anonymous_55)
FNDA:2,(anonymous_56)
FNDA:10,(anonymous_57)
FNDA:10,(anonymous_58)
FNDA:5,(anonymous_59)
FNDA:13,(anonymous_60)
FNDA:11,(anonymous_61)
FNDA:1,(anonymous_62)
FNDA:5,(anonymous_63)
FNDA:3,(anonymous_64)
FNDA:2,(anonymous_65)
FNDA:1,(anonymous_66)
FNDA:1,(anonymous_67)
FNDA:9,(anonymous_68)
DA:24,1
DA:46,1
DA:47,72
DA:49,72
DA:50,72
DA:51,72
DA:52,72
DA:53,72
DA:54,72
DA:55,72
DA:56,72
DA:58,72
DA:59,72
DA:62,72
DA:63,72
DA:64,72
DA:67,72
DA:68,72
DA:69,72
DA:70,72
DA:71,72
DA:74,72
DA:77,72
DA:80,72
DA:81,72
DA:82,72
DA:83,72
DA:85,72
DA:86,72
DA:87,72
DA:88,72
DA:89,72
DA:91,72
DA:94,53
DA:95,53
DA:96,53
DA:97,53
DA:101,2
DA:102,2
DA:103,2
DA:104,2
DA:105,2
DA:109,65
DA:110,2
DA:111,2
DA:116,59
DA:117,59
DA:118,5
DA:123,56
DA:128,56
DA:129,55
DA:130,55
DA:131,55
DA:134,56
DA:135,55
DA:136,55
DA:138,1
DA:143,3
DA:144,3
DA:145,3
DA:146,2
DA:151,2
DA:152,2
DA:153,2
DA:158,64
DA:159,64
DA:160,26
DA:161,38
DA:165,81
DA:171,81
DA:174,79
DA:175,79
DA:176,79
DA:178,73
DA:179,73
DA:181,6
DA:182,6
DA:184,79
DA:187,2
DA:188,2
DA:189,2
DA:190,2
DA:197,8
DA:198,4
DA:199,4
DA:201,8
DA:205,89
DA:206,89
DA:207,83
DA:208,83
DA:210,6
DA:211,14
DA:212,14
DA:213,14
DA:214,14
DA:220,5
DA:221,5
DA:223,14
DA:224,14
DA:225,5
DA:226,2
DA:229,3
DA:230,3
DA:231,3
DA:232,6
DA:233,5
DA:234,5
DA:237,3
DA:238,3
DA:239,3
DA:240,5
DA:241,5
DA:246,0
DA:250,3
DA:251,3
DA:252,3
DA:253,3
DA:258,17
DA:262,21
DA:263,4
DA:267,6
DA:268,2
DA:272,4
DA:273,3
DA:274,3
DA:275,3
DA:276,6
DA:277,6
DA:278,5
DA:281,1
DA:285,3
DA:286,3
DA:291,1
DA:292,1
DA:296,2
DA:298,1
DA:302,0
DA:308,5
DA:309,5
DA:310,3
DA:311,3
DA:312,3
DA:313,3
DA:314,3
DA:318,4
DA:319,2
DA:324,8
DA:325,8
DA:326,5
DA:328,2
DA:329,2
DA:331,3
DA:332,3
DA:337,3
DA:341,2
DA:342,2
DA:343,2
DA:347,4
DA:349,2
DA:351,2
DA:352,2
DA:353,2
DA:354,2
DA:359,3
DA:360,3
DA:361,3
DA:362,0
DA:368,3
DA:369,3
DA:370,2
DA:371,2
DA:372,2
DA:373,3
DA:376,2
DA:380,3
DA:381,3
DA:382,2
DA:383,2
DA:384,2
DA:385,4
DA:388,2
DA:392,2
DA:393,2
DA:394,2
DA:395,5
DA:398,2
DA:402,2
DA:403,2
DA:404,2
DA:405,4
DA:408,2
DA:413,10
DA:414,10
DA:415,10
DA:417,10
DA:418,10
DA:422,10
DA:427,5
DA:428,5
DA:429,5
DA:433,13
DA:434,13
DA:435,12
DA:436,12
DA:437,11
DA:438,11
DA:439,11
DA:440,1
DA:441,1
DA:443,10
DA:444,4
DA:445,4
DA:448,6
DA:449,6
DA:450,6
DA:451,6
DA:455,1
DA:456,1
DA:462,5
DA:463,5
DA:464,4
DA:468,3
DA:470,2
DA:471,2
DA:474,1
DA:475,1
DA:476,1
DA:481,1
DA:483,1
DA:484,1
DA:488,1
DA:490,1
DA:491,1
DA:498,9
DA:499,9
DA:500,6
DA:501,6
DA:502,3
DA:504,2
LF:239
LH:236
BRDA:109,0,0,2
BRDA:117,1,0,4
BRDA:117,2,0,59
BRDA:117,2,1,4
BRDA:128,3,0,55
BRDA:129,4,0,55
BRDA:129,4,1,0
BRDA:130,5,0,55
BRDA:130,5,1,0
BRDA:131,6,0,55
BRDA:131,6,1,0
BRDA:134,7,0,55
BRDA:134,7,1,1
BRDA:135,8,0,55
BRDA:135,8,1,0
BRDA:136,9,0,55
BRDA:136,9,1,53
BRDA:160,10,0,26
BRDA:160,10,1,2
BRDA:176,11,0,73
BRDA:176,11,1,6
BRDA:181,12,0,6
BRDA:181,12,1,0
BRDA:182,13,0,6
BRDA:182,13,1,5
BRDA:197,14,0,4
BRDA:198,15,0,4
BRDA:198,15,1,0
BRDA:205,16,0,89
BRDA:205,16,1,83
BRDA:206,17,0,83
BRDA:212,18,0,14
BRDA:212,18,1,0
BRDA:213,19,0,5
BRDA:213,19,1,9
BRDA:214,20,0,14
BRDA:214,20,1,13
BRDA:214,20,2,10
BRDA:220,21,0,5
BRDA:220,21,1,0
BRDA:225,22,0,2
BRDA:232,23,0,5
BRDA:262,24,0,17
BRDA:262,24,1,4
BRDA:267,25,0,3
BRDA:267,25,1,2
BRDA:272,26,0,1
BRDA:309,27,0,2
BRDA:313,28,0,1
BRDA:313,28,1,2
BRDA:318,29,0,2
BRDA:325,30,0,3
BRDA:325,31,0,8
BRDA:325,31,1,7
BRDA:326,32,0,2
BRDA:347,33,0,2
BRDA:351,34,0,2
BRDA:351,34,1,0
BRDA:352,35,0,2
BRDA:352,35,1,0
BRDA:359,36,0,3
BRDA:359,36,1,1
BRDA:369,37,0,1
BRDA:381,38,0,1
BRDA:413,39,0,0
BRDA:415,40,0,10
BRDA:415,40,1,0
BRDA:427,41,0,0
BRDA:433,42,0,0
BRDA:434,43,0,1
BRDA:436,44,0,1
BRDA:437,45,0,11
BRDA:437,45,1,0
BRDA:439,46,0,1
BRDA:443,47,0,4
BRDA:443,48,0,10
BRDA:443,48,1,8
BRDA:463,49,0,4
BRDA:463,49,1,1
BRDA:463,50,0,5
BRDA:463,50,1,5
BRDA:463,50,2,1
BRDA:463,50,3,1
BRDA:498,51,0,9
BRDA:498,51,1,0
BRDA:499,52,0,6
BRDA:499,52,1,3
BRDA:502,53,0,2
BRF:88
BRH:72
end_of_record
